\BOOKMARK [0][-]{chapter*.4}{\376\377\000L\000i\000c\000e\000n\000s\000e}{}% 1
\BOOKMARK [-1][-]{part.1}{\376\377\000I\000\040\000I\000n\000t\000r\000o\000d\000u\000c\000t\000i\000o\000n}{}% 2
\BOOKMARK [0][-]{chapter*.6}{\376\377\060\157\060\130\060\201\060\153}{part.1}% 3
\BOOKMARK [1][-]{section*.7}{\376\377\140\363\133\232\212\255\200\005}{chapter*.6}% 4
\BOOKMARK [1][-]{section*.8}{\376\377\210\150\212\030\060\353\060\374\060\353}{chapter*.6}% 5
\BOOKMARK [1][-]{section*.9}{\376\377\060\152\060\134\000R\060\113\377\037}{chapter*.6}% 6
\BOOKMARK [1][-]{section*.10}{\376\377\122\006\147\220\060\156\142\113\230\006}{chapter*.6}% 7
\BOOKMARK [1][-]{section*.18}{\376\377\000D\000a\000t\000a\000\040\000S\000c\000i\000e\000n\000c\000e\000\040\000W\000o\000r\000k\000f\000l\000o\000w}{chapter*.6}% 8
\BOOKMARK [2][-]{section*.21}{\376\377\000P\000r\000o\000g\000r\000a\000m}{section*.18}% 9
\BOOKMARK [2][-]{section*.22}{\376\377\000I\000m\000p\000o\000r\000t}{section*.18}% 10
\BOOKMARK [2][-]{section*.23}{\376\377\000T\000i\000d\000y}{section*.18}% 11
\BOOKMARK [2][-]{section*.24}{\376\377\000T\000r\000a\000n\000s\000f\000o\000r\000m}{section*.18}% 12
\BOOKMARK [2][-]{section*.25}{\376\377\000V\000i\000s\000u\000a\000l\000i\000z\000e}{section*.18}% 13
\BOOKMARK [2][-]{section*.26}{\376\377\000M\000o\000d\000e\000l}{section*.18}% 14
\BOOKMARK [2][-]{section*.27}{\376\377\000C\000o\000m\000m\000u\000n\000i\000c\000a\000t\000e}{section*.18}% 15
\BOOKMARK [1][-]{section*.28}{\376\377\000T\000i\000d\000y\000v\000e\000r\000s\000e\000\040\000E\000c\000o\000s\000y\000s\000t\000e\000m}{chapter*.6}% 16
\BOOKMARK [2][-]{section*.30}{\376\377\000I\000m\000p\000o\000r\000t}{section*.28}% 17
\BOOKMARK [2][-]{section*.31}{\376\377\000T\000i\000d\000y}{section*.28}% 18
\BOOKMARK [2][-]{section*.32}{\376\377\000V\000i\000s\000u\000a\000l\000i\000z\000e}{section*.28}% 19
\BOOKMARK [2][-]{section*.33}{\376\377\000T\000r\000a\000n\000s\000f\000o\000r\000m}{section*.28}% 20
\BOOKMARK [2][-]{section*.34}{\376\377\000M\000o\000d\000e\000l}{section*.28}% 21
\BOOKMARK [2][-]{section*.35}{\376\377\000C\000o\000m\000m\000u\000n\000i\000c\000a\000t\000e}{section*.28}% 22
\BOOKMARK [2][-]{section*.36}{\376\377\000O\000t\000h\000r\000e\000s}{section*.28}% 23
\BOOKMARK [-1][-]{part.2}{\376\377\000I\000I\000\040\000P\000r\000o\000g\000r\000a\000m}{}% 24
\BOOKMARK [0][-]{chapter.1}{\376\377\122\006\147\220\164\260\130\203}{part.2}% 25
\BOOKMARK [1][-]{section.1.1}{\376\377\116\073\060\152\122\006\147\220\164\260\130\203}{chapter.1}% 26
\BOOKMARK [2][-]{subsection.1.1.1}{\376\377\000R\000\040\000C\000o\000m\000m\000a\000n\000d\000e\000r}{section.1.1}% 27
\BOOKMARK [2][-]{subsection.1.1.2}{\376\377\000G\000o\000o\000g\000l\000e\000\040\000C\000o\000l\000a\000b}{section.1.1}% 28
\BOOKMARK [2][-]{subsection.1.1.3}{\376\377\000R\000S\000t\000u\000d\000i\000o}{section.1.1}% 29
\BOOKMARK [2][-]{subsection.1.1.4}{\376\377\000R\000S\000t\000u\000d\000i\000o\000\040\000C\000l\000o\000u\000d}{section.1.1}% 30
\BOOKMARK [2][-]{subsection.1.1.5}{\376\377\000P\000r\000o\000g\000r\000a\000m\000i\000n\000g\000\040\000E\000d\000i\000t\000o\000r}{section.1.1}% 31
\BOOKMARK [0][-]{chapter.2}{\376\377\000R\060\156\127\372\147\054}{part.2}% 32
\BOOKMARK [1][-]{section.2.1}{\376\377\211\201\175\004\175\161\212\010\221\317}{chapter.2}% 33
\BOOKMARK [2][-]{subsection.2.1.1}{\376\377\136\163\127\107}{section.2.1}% 34
\BOOKMARK [3][-]{subsubsection.2.1.1.1}{\376\377\173\227\210\123\136\163\127\107}{subsection.2.1.1}% 35
\BOOKMARK [3][-]{subsubsection.2.1.1.2}{\376\377\060\310\060\352\060\340\136\163\127\107}{subsection.2.1.1}% 36
\BOOKMARK [3][-]{subsubsection.2.1.1.3}{\376\377\136\176\117\125\136\163\127\107}{subsection.2.1.1}% 37
\BOOKMARK [3][-]{section*.42}{\376\377\225\221\212\161}{subsection.2.1.1}% 38
\BOOKMARK [2][-]{subsection.2.1.2}{\376\377\122\006\145\143\060\373\152\031\156\226\120\117\135\356}{section.2.1}% 39
\BOOKMARK [3][-]{section*.43}{\376\377\157\024\177\322\000\040\0001}{subsection.2.1.2}% 40
\BOOKMARK [3][-]{section*.44}{\376\377\157\024\177\322\000\040\0002}{subsection.2.1.2}% 41
\BOOKMARK [3][-]{section*.45}{\376\377\225\221\212\161}{subsection.2.1.2}% 42
\BOOKMARK [3][-]{section*.46}{\376\377\060\020\060\263\060\351\060\340\060\021\202\361\145\207\133\127\377\037\060\256\060\352\060\267\060\343\145\207\133\127\377\037}{subsection.2.1.2}% 43
\BOOKMARK [2][-]{subsection.2.1.3}{\376\377\116\055\131\056\120\044}{section.2.1}% 44
\BOOKMARK [2][-]{subsection.2.1.4}{\376\377\147\000\134\017\060\373\147\000\131\047\120\044}{section.2.1}% 45
\BOOKMARK [2][-]{subsection.2.1.5}{\376\377\060\354\060\363\060\270\377\010\173\304\126\362\377\011}{section.2.1}% 46
\BOOKMARK [2][-]{subsection.2.1.6}{\376\377\147\000\230\073\120\044}{section.2.1}% 47
\BOOKMARK [-1][-]{part.3}{\376\377\000I\000I\000I\000\040\000W\000r\000a\000n\000g\000l\000e}{}% 48
\BOOKMARK [0][-]{chapter.3}{\376\377\000I\000m\000p\000o\000r\000t}{part.3}% 49
\BOOKMARK [1][-]{section.3.1}{\376\377\000r\000e\000a\000d\000r}{chapter.3}% 50
\BOOKMARK [1][-]{section.3.2}{\376\377\000r\000e\000a\000d\000x\000l}{chapter.3}% 51
\BOOKMARK [1][-]{section.3.3}{\376\377\000p\000d\000f\000t\000o\000o\000l\000s}{chapter.3}% 52
\BOOKMARK [0][-]{chapter.4}{\376\377\000T\000i\000d\000y}{part.3}% 53
\BOOKMARK [1][-]{section.4.1}{\376\377\000T\000i\000d\000y\000\040\000D\000a\000t\000a}{chapter.4}% 54
\BOOKMARK [1][-]{section.4.2}{\376\377\000l\000o\000n\000g\000e\000r}{chapter.4}% 55
\BOOKMARK [1][-]{section.4.3}{\376\377\000w\000i\000d\000e\000r}{chapter.4}% 56
\BOOKMARK [0][-]{chapter.5}{\376\377\000T\000r\000a\000n\000s\000f\000o\000r\000m}{part.3}% 57
\BOOKMARK [1][-]{section.5.1}{\376\377\000f\000i\000l\000t\000e\000r}{chapter.5}% 58
\BOOKMARK [1][-]{section.5.2}{\376\377\000r\000e\000n\000a\000m\000e}{chapter.5}% 59
\BOOKMARK [1][-]{section.5.3}{\376\377\000s\000e\000l\000e\000c\000t}{chapter.5}% 60
\BOOKMARK [2][-]{subsection.5.3.1}{\376\377\000s\000e\000l\000e\000c\000t\000\040\000h\000e\000l\000p\000e\000r\000s}{section.5.3}% 61
\BOOKMARK [1][-]{section.5.4}{\376\377\000m\000u\000t\000a\000t\000e}{chapter.5}% 62
\BOOKMARK [1][-]{section.5.5}{\376\377\000s\000u\000m\000m\000a\000r\000i\000z\000e}{chapter.5}% 63
\BOOKMARK [-1][-]{part.4}{\376\377\000I\000V\000\040\000V\000i\000s\000u\000a\000l\000i\000z\000e}{}% 64
\BOOKMARK [0][-]{chapter.6}{\376\377\000B\000a\000s\000e\000\040\000R}{part.4}% 65
\BOOKMARK [1][-]{section.6.1}{\376\377\000p\000l\000o\000t}{chapter.6}% 66
\BOOKMARK [1][-]{section.6.2}{\376\377\000b\000o\000x\000p\000l\000o\000t}{chapter.6}% 67
\BOOKMARK [1][-]{section.6.3}{\376\377\000h\000i\000s\000t}{chapter.6}% 68
\BOOKMARK [0][-]{chapter.7}{\376\377\000g\000g\000p\000l\000o\000t\0002}{part.4}% 69
\BOOKMARK [-1][-]{part.5}{\376\377\000V\000\040\000M\000o\000d\000e\000l\000/\000I\000n\000f\000e\000r}{}% 70
\BOOKMARK [0][-]{chapter.8}{\376\377\000T\000e\000s\000t}{part.5}% 71
\BOOKMARK [0][-]{chapter.9}{\376\377\000L\000i\000n\000e\000a\000r\000\040\000m\000o\000d\000e\000l}{part.5}% 72
\BOOKMARK [0][-]{chapter.10}{\376\377\000M\000a\000c\000h\000i\000n\000e\000\040\000L\000e\000a\000r\000n\000i\000n\000g}{part.5}% 73
\BOOKMARK [-1][-]{part.6}{\376\377\000V\000I\000\040\000C\000o\000m\000m\000u\000n\000i\000c\000a\000t\000e}{}% 74
\BOOKMARK [0][-]{chapter.11}{\376\377\000R\000\040\000M\000a\000r\000k\000d\000o\000w\000n}{part.6}% 75
\BOOKMARK [-1][-]{part.7}{\376\377\000V\000I\000I\000\040\000A\000u\000t\000o\000m\000a\000t\000e}{}% 76
\BOOKMARK [0][-]{chapter.12}{\376\377\000s\000h\000i\000n\000y}{part.7}% 77
\BOOKMARK [-1][-]{part.8}{\376\377\000V\000I\000I\000I\000\040\000A\000P\000P\000E\000N\000D\000I\000X}{}% 78
\BOOKMARK [0][-]{section*.47}{\376\377\000A\000p\000p\000e\000n\000d\000i\000x}{part.8}% 79
\BOOKMARK [0][-]{appendix*.48}{\376\377\000R\000e\000f\000e\000r\000e\000n\000c\000e\000s}{part.8}% 80
\BOOKMARK [0][-]{appendix.A}{\376\377\000R\000\040\000B\000a\000s\000i\000c\000s}{part.8}% 81
\BOOKMARK [1][-]{section.A.1}{\376\377\127\372\147\054\166\204\060\152\157\024\173\227}{appendix.A}% 82
\BOOKMARK [2][-]{subsection.A.1.1}{\376\377\173\227\210\123\157\024\173\227}{section.A.1}% 83
\BOOKMARK [2][-]{subsection.A.1.2}{\376\377\116\343\121\145}{section.A.1}% 84
\BOOKMARK [2][-]{subsection.A.1.3}{\376\377\116\343\121\145\175\120\147\234\060\156\170\272\212\215}{section.A.1}% 85
\BOOKMARK [2][-]{subsection.A.1.4}{\376\377\124\010\173\227}{section.A.1}% 86
\BOOKMARK [2][-]{subsection.A.1.5}{\376\377\136\163\127\107}{section.A.1}% 87
\BOOKMARK [2][-]{subsection.A.1.6}{\376\377\131\011\145\160\060\156\116\012\146\370\060\115}{section.A.1}% 88
\BOOKMARK [1][-]{section.A.2}{\376\377\131\011\145\160}{appendix.A}% 89
\BOOKMARK [2][-]{subsection.A.2.1}{\376\377\116\210\175\004\212\236}{section.A.2}% 90
\BOOKMARK [2][-]{subsection.A.2.2}{\376\377\060\307\060\374\060\277\127\213}{section.A.2}% 91
\BOOKMARK [2][-]{subsection.A.2.3}{\376\377\131\011\145\160\127\213}{section.A.2}% 92
\BOOKMARK [3][-]{subsubsection.A.2.3.1}{\376\377\060\331\060\257\060\310\060\353\127\213}{subsection.A.2.3}% 93
\BOOKMARK [3][-]{subsubsection.A.2.3.2}{\376\377\126\340\133\120\127\213}{subsection.A.2.3}% 94
\BOOKMARK [3][-]{subsubsection.A.2.3.3}{\376\377\060\336\060\310\060\352\060\257\060\271\127\213}{subsection.A.2.3}% 95
\BOOKMARK [3][-]{subsubsection.A.2.3.4}{\376\377\060\242\060\354\060\244\127\213}{subsection.A.2.3}% 96
\BOOKMARK [3][-]{subsubsection.A.2.3.5}{\376\377\060\307\060\374\060\277\060\325\060\354\060\374\060\340\127\213}{subsection.A.2.3}% 97
\BOOKMARK [3][-]{subsubsection.A.2.3.6}{\376\377\060\352\060\271\060\310\127\213}{subsection.A.2.3}% 98
\BOOKMARK [1][-]{section.A.3}{\376\377\133\232\145\160}{appendix.A}% 99
\BOOKMARK [2][-]{subsection.A.3.1}{\376\377\000N\000A\060\156\127\213}{section.A.3}% 100
\BOOKMARK [1][-]{section.A.4}{\376\377\151\034\147\373\060\373\131\011\143\333}{appendix.A}% 101
\BOOKMARK [1][-]{section.A.5}{\376\377\157\024\173\227\133\120}{appendix.A}% 102
\BOOKMARK [2][-]{subsection.A.5.1}{\376\377\123\302\161\147\157\024\173\227\133\120}{section.A.5}% 103
\BOOKMARK [3][-]{subsubsection.A.5.1.1}{\376\377\000[\157\024\173\227\133\120}{subsection.A.5.1}% 104
\BOOKMARK [3][-]{subsubsection.A.5.1.2}{\376\377\000\044\157\024\173\227\133\120}{subsection.A.5.1}% 105
\BOOKMARK [2][-]{subsection.A.5.2}{\376\377\123\130\230\005\157\024\173\227\133\120}{section.A.5}% 106
\BOOKMARK [2][-]{subsection.A.5.3}{\376\377\116\214\230\005\157\024\173\227\133\120}{section.A.5}% 107
\BOOKMARK [3][-]{subsubsection.A.5.3.1}{\376\377\173\227\210\123\157\024\173\227\133\120}{subsection.A.5.3}% 108
\BOOKMARK [3][-]{subsubsection.A.5.3.2}{\376\377\153\324\217\003\157\024\173\227\133\120}{subsection.A.5.3}% 109
\BOOKMARK [3][-]{subsubsection.A.5.3.3}{\376\377\212\326\164\006\157\024\173\227\133\120}{subsection.A.5.3}% 110
\BOOKMARK [2][-]{subsection.A.5.4}{\376\377\162\171\153\212\157\024\173\227\133\120}{section.A.5}% 111
\BOOKMARK [2][-]{subsection.A.5.5}{\376\377\121\052\121\110\230\006\117\115}{section.A.5}% 112
\BOOKMARK [1][-]{section.A.6}{\376\377\122\066\137\241\145\207}{appendix.A}% 113
\BOOKMARK [2][-]{subsection.A.6.1}{\376\377\147\141\116\366\122\006\134\220}{section.A.6}% 114
\BOOKMARK [3][-]{subsubsection.A.6.1.1}{\376\377\000i\000f\000,\000\040\000e\000l\000s\000e}{subsection.A.6.1}% 115
\BOOKMARK [3][-]{subsubsection.A.6.1.2}{\376\377\000s\000w\000i\000t\000c\000h}{subsection.A.6.1}% 116
\BOOKMARK [3][-]{subsubsection.A.6.1.3}{\376\377\000i\000f\000e\000l\000s\000e}{subsection.A.6.1}% 117
\BOOKMARK [2][-]{subsection.A.6.2}{\376\377\176\160\060\212\217\324\060\127}{section.A.6}% 118
\BOOKMARK [3][-]{subsubsection.A.6.2.1}{\376\377\000f\000o\000r}{subsection.A.6.2}% 119
\BOOKMARK [3][-]{subsubsection.A.6.2.2}{\376\377\000w\000h\000i\000l\000e\000,\000\040\000r\000e\000p\000e\000a\000t}{subsection.A.6.2}% 120
\BOOKMARK [0][-]{appendix.B}{\376\377\157\024\177\322\211\343\173\124\117\213}{part.8}% 121
\BOOKMARK [1][-]{section*.51}{\376\377\157\024\177\322\000\040\0001}{appendix.B}% 122
\BOOKMARK [2][-]{section*.52}{\376\377\211\343\173\124\117\213}{section*.51}% 123
\BOOKMARK [1][-]{section*.53}{\376\377\157\024\177\322\000\040\0002}{appendix.B}% 124
\BOOKMARK [2][-]{section*.54}{\376\377\211\343\173\124\117\213}{section*.53}% 125
\BOOKMARK [2][-]{section*.55}{\376\377\210\334\215\263}{section*.53}% 126
\BOOKMARK [0][-]{appendix.C}{\376\377\000E\000n\000v\000i\000r\000o\000n\000m\000e\000n\000t\000s\000\040\0002}{part.8}% 127
\BOOKMARK [1][-]{section.C.1}{\376\377\000G\000o\000o\000g\000l\000e\000\040\000C\000o\000l\000a\000b\000o\000r\000a\000t\000o\000r\000y}{appendix.C}% 128
\BOOKMARK [2][-]{subsection.C.1.1}{\376\377\000L\000o\000g\000i\000n\000\040\000G\000o\000o\000g\000l\000e}{section.C.1}% 129
\BOOKMARK [2][-]{subsection.C.1.2}{\376\377\000O\000p\000e\000n\000\040\000G\000o\000o\000g\000l\000e\000\040\000C\000o\000l\000a\000b}{section.C.1}% 130
\BOOKMARK [2][-]{subsection.C.1.3}{\376\377\000U\000p\000l\000o\000a\000d\000\040\000T\000e\000m\000p\000l\000a\000t\000e}{section.C.1}% 131
\BOOKMARK [2][-]{subsection.C.1.4}{\376\377\000R\000u\000n\000\040\000R\000\040\000c\000o\000d\000e}{section.C.1}% 132
\BOOKMARK [2][-]{subsection.C.1.5}{\376\377\000S\000a\000v\000e\000\040\000F\000i\000l\000e}{section.C.1}% 133
\BOOKMARK [1][-]{section.C.2}{\376\377\000R\000S\000t\000u\000d\000i\000o\000\040\000C\000l\000o\000u\000d}{appendix.C}% 134
\BOOKMARK [2][-]{subsection.C.2.1}{\376\377\000C\000r\000e\000a\000t\000e\000\040\000P\000r\000o\000j\000e\000c\000t}{section.C.2}% 135
\BOOKMARK [2][-]{subsection.C.2.2}{\376\377\000I\000n\000s\000t\000a\000l\000l\000\040\000P\000a\000c\000k\000a\000g\000e\000s}{section.C.2}% 136
\BOOKMARK [0][-]{appendix.D}{\376\377\000I\000n\000s\000t\000a\000l\000l\000\040\000R\000/\000R\000S\000t\000u\000d\000i\000o}{part.8}% 137
\BOOKMARK [1][-]{section.D.1}{\376\377\000I\000n\000s\000t\000a\000l\000l\000\040\000R}{appendix.D}% 138
\BOOKMARK [2][-]{subsection.D.1.1}{\376\377\000W\000i\000n\000d\000o\000w\000s}{section.D.1}% 139
\BOOKMARK [3][-]{subsubsection.D.1.1.1}{\376\377\000R\000t\000o\000o\000l\000s}{subsection.D.1.1}% 140
\BOOKMARK [2][-]{subsection.D.1.2}{\376\377\000m\000a\000c\000O\000S\000\040\000\050\000O\000S\000\040\000X\000\051}{section.D.1}% 141
\BOOKMARK [2][-]{subsection.D.1.3}{\376\377\000L\000i\000n\000u\000x}{section.D.1}% 142
\BOOKMARK [1][-]{section.D.2}{\376\377\000I\000n\000s\000t\000a\000l\000l\000\040\000R\000S\000t\000u\000d\000i\000o\000\040\000D\000e\000s\000k\000t\000o\000p}{appendix.D}% 143
\BOOKMARK [2][-]{subsection.D.2.1}{\376\377\122\325\117\134\170\272\212\215}{section.D.2}% 144
\BOOKMARK [1][-]{section.D.3}{\376\377\000I\000n\000s\000t\000a\000l\000l\000\040\000R\000\040\000p\000a\000c\000k\000a\000g\000e\000s}{appendix.D}% 145
\BOOKMARK [2][-]{subsection.D.3.1}{\376\377\000L\000i\000n\000u\000x\164\260\130\203\060\156\130\064\124\010}{section.D.3}% 146
\BOOKMARK [1][-]{section.D.4}{\376\377\000I\000n\000s\000t\000a\000l\000l\000\040\000G\000i\000t}{appendix.D}% 147
\BOOKMARK [2][-]{subsection.D.4.1}{\376\377\000G\000i\000t}{section.D.4}% 148
\BOOKMARK [2][-]{subsection.D.4.2}{\376\377\000G\000i\000t\000\040\000C\000l\000i\000e\000n\000t}{section.D.4}% 149
\BOOKMARK [0][-]{appendix.E}{\376\377\000R\000S\000t\000u\000d\000i\000o\000\040\000S\000e\000r\000v\000e\000r}{part.8}% 150
\BOOKMARK [1][-]{section.E.1}{\376\377\000S\000e\000t\000u\000p\000\040\000R\000S\000t\000u\000d\000i\000o\000\040\000S\000e\000v\000e\000r\000\040\000w\000i\000t\000h\000\040\000D\000o\000c\000k\000e\000r}{appendix.E}% 151
\BOOKMARK [2][-]{subsection.E.1.1}{\376\377\000E\000n\000a\000b\000l\000e\000\040\000H\000y\000p\000e\000r\000-\000V\000\040\000\050\000W\000i\000n\000d\000o\000w\000s\000\040\000O\000n\000l\000y\000\051}{section.E.1}% 152
\BOOKMARK [2][-]{subsection.E.1.2}{\376\377\000D\000o\000w\000n\000l\000o\000a\000d\000\040\000a\000n\000d\000\040\000I\000n\000s\000t\000a\000l\000l\000\040\000D\000o\000c\000k\000e\000r\000\040\000D\000e\000s\000k\000t\000o\000p}{section.E.1}% 153
\BOOKMARK [2][-]{subsection.E.1.3}{\376\377\000D\000o\000w\000n\000l\000o\000a\000d\000\040\000D\000o\000c\000k\000e\000r\000\040\000I\000m\000a\000g\000e}{section.E.1}% 154
\BOOKMARK [2][-]{subsection.E.1.4}{\376\377\000R\000u\000n\000\040\000C\000o\000n\000t\000a\000i\000n\000e\000r}{section.E.1}% 155
\BOOKMARK [0][-]{appendix.F}{\376\377\000R\000S\000t\000u\000d\000i\000o\000\040\000I\000D\000E}{part.8}% 156
\BOOKMARK [1][-]{section.F.1}{\376\377\000O\000v\000e\000r\000v\000i\000e\000w}{appendix.F}% 157
\BOOKMARK [1][-]{section.F.2}{\376\377\000K\000e\000y\000b\000o\000a\000r\000d\000\040\000S\000h\000o\000r\000t\000c\000u\000t\000s}{appendix.F}% 158
\BOOKMARK [1][-]{section.F.3}{\376\377\000W\000r\000i\000t\000i\000n\000g\000\040\000R\000\040\000c\000o\000d\000e}{appendix.F}% 159
\BOOKMARK [1][-]{section.F.4}{\376\377\000G\000l\000o\000b\000a\000l\000\040\000O\000p\000t\000i\000o\000n\000s}{appendix.F}% 160
\BOOKMARK [2][-]{subsection.F.4.1}{\376\377\000G\000e\000n\000e\000r\000a\000l}{section.F.4}% 161
\BOOKMARK [2][-]{subsection.F.4.2}{\376\377\000C\000o\000d\000e}{section.F.4}% 162
\BOOKMARK [2][-]{subsection.F.4.3}{\376\377\000A\000p\000p\000e\000a\000r\000a\000n\000c\000e}{section.F.4}% 163
\BOOKMARK [2][-]{subsection.F.4.4}{\376\377\000P\000a\000n\000e\000\040\000L\000a\000y\000o\000u\000t}{section.F.4}% 164
\BOOKMARK [2][-]{subsection.F.4.5}{\376\377\000P\000a\000c\000k\000a\000g\000e\000s}{section.F.4}% 165
\BOOKMARK [2][-]{subsection.F.4.6}{\376\377\000R\000\040\000M\000a\000r\000k\000d\000o\000w\000n}{section.F.4}% 166
\BOOKMARK [2][-]{subsection.F.4.7}{\376\377\000S\000w\000e\000a\000v\000e}{section.F.4}% 167
\BOOKMARK [2][-]{subsection.F.4.8}{\376\377\000S\000p\000e\000l\000l\000i\000n\000g}{section.F.4}% 168
\BOOKMARK [2][-]{subsection.F.4.9}{\376\377\000G\000i\000t\000/\000S\000V\000N}{section.F.4}% 169
\BOOKMARK [2][-]{subsection.F.4.10}{\376\377\000P\000u\000b\000l\000i\000s\000h\000i\000n\000g}{section.F.4}% 170
\BOOKMARK [2][-]{subsection.F.4.11}{\376\377\000T\000e\000r\000m\000i\000n\000a\000l}{section.F.4}% 171
\BOOKMARK [1][-]{section.F.5}{\376\377\000P\000r\000o\000j\000e\000c\000t\000\040\000O\000p\000t\000i\000o\000n\000s}{appendix.F}% 172
\BOOKMARK [0][-]{appendix.G}{\376\377\000C\000l\000o\000u\000d\000\040\000I\000D\000E}{part.8}% 173
\BOOKMARK [1][-]{section.G.1}{\376\377\000R\000S\000t\000u\000d\000i\000o\000\040\000C\000l\000o\000u\000d\000\040\000G\000A}{appendix.G}% 174
\BOOKMARK [1][-]{section.G.2}{\376\377\000E\000x\000p\000l\000o\000r\000a\000t\000o\000r\000y}{appendix.G}% 175
\BOOKMARK [1][-]{section.G.3}{\376\377\000b\000i\000n\000d\000e\000r}{appendix.G}% 176
